{"C:\\Users\\Angel\\OneDrive\\Escritorio\\angel-todo-list\\__test__\\index-te.js": {"path":"C:\\Users\\Angel\\OneDrive\\Escritorio\\angel-todo-list\\__test__\\index-te.js","statementMap":{"0":{"start":{"line":3,"column":19},"end":{"line":11,"column":1}},"1":{"start":{"line":4,"column":19},"end":{"line":4,"column":21}},"2":{"start":{"line":5,"column":15},"end":{"line":5,"column":28}},"3":{"start":{"line":6,"column":23},"end":{"line":6,"column":54}},"4":{"start":{"line":7,"column":2},"end":{"line":7,"column":30}},"5":{"start":{"line":9,"column":2},"end":{"line":9,"column":58}},"6":{"start":{"line":10,"column":2},"end":{"line":10,"column":18}}},"fnMap":{"0":{"name":"(anonymous_0)","decl":{"start":{"line":3,"column":19},"end":{"line":3,"column":20}},"loc":{"start":{"line":3,"column":25},"end":{"line":11,"column":1}},"line":3}},"branchMap":{},"s":{"0":1,"1":1,"2":1,"3":1,"4":1,"5":1,"6":1},"f":{"0":1},"b":{},"_coverageSchema":"1a1c01bbd47fc00a2c39e90264f33305004495a9","hash":"7ee9cacb91b2f027c503d77741e58846e6026094"}
,"C:\\Users\\Angel\\OneDrive\\Escritorio\\angel-todo-list\\__test__\\remove.js": {"path":"C:\\Users\\Angel\\OneDrive\\Escritorio\\angel-todo-list\\__test__\\remove.js","statementMap":{"0":{"start":{"line":1,"column":16},"end":{"line":26,"column":1}},"1":{"start":{"line":2,"column":17},"end":{"line":10,"column":3}},"2":{"start":{"line":13,"column":2},"end":{"line":13,"column":28}},"3":{"start":{"line":15,"column":2},"end":{"line":19,"column":3}},"4":{"start":{"line":16,"column":4},"end":{"line":16,"column":18}},"5":{"start":{"line":17,"column":4},"end":{"line":17,"column":60}},"6":{"start":{"line":18,"column":4},"end":{"line":18,"column":20}},"7":{"start":{"line":20,"column":25},"end":{"line":20,"column":91}},"8":{"start":{"line":20,"column":54},"end":{"line":20,"column":89}},"9":{"start":{"line":23,"column":2},"end":{"line":23,"column":64}},"10":{"start":{"line":25,"column":2},"end":{"line":25,"column":24}}},"fnMap":{"0":{"name":"(anonymous_0)","decl":{"start":{"line":1,"column":16},"end":{"line":1,"column":17}},"loc":{"start":{"line":1,"column":27},"end":{"line":26,"column":1}},"line":1},"1":{"name":"(anonymous_1)","decl":{"start":{"line":20,"column":38},"end":{"line":20,"column":39}},"loc":{"start":{"line":20,"column":54},"end":{"line":20,"column":89}},"line":20}},"branchMap":{"0":{"loc":{"start":{"line":15,"column":2},"end":{"line":19,"column":3}},"type":"if","locations":[{"start":{"line":15,"column":2},"end":{"line":19,"column":3}},{"start":{},"end":{}}],"line":15}},"s":{"0":1,"1":1,"2":1,"3":1,"4":0,"5":0,"6":0,"7":1,"8":0,"9":1,"10":1},"f":{"0":1,"1":0},"b":{"0":[0,1]},"_coverageSchema":"1a1c01bbd47fc00a2c39e90264f33305004495a9","hash":"3e29b7772f4c9b73c549a3fcc4df4865f8da9a77"}
,"C:\\Users\\Angel\\OneDrive\\Escritorio\\angel-todo-list\\src\\modules\\Add&Remove.js": {"path":"C:\\Users\\Angel\\OneDrive\\Escritorio\\angel-todo-list\\src\\modules\\Add&Remove.js","statementMap":{"0":{"start":{"line":2,"column":15},"end":{"line":2,"column":62}},"1":{"start":{"line":6,"column":4},"end":{"line":6,"column":29}},"2":{"start":{"line":7,"column":4},"end":{"line":7,"column":28}},"3":{"start":{"line":8,"column":4},"end":{"line":8,"column":31}},"4":{"start":{"line":12,"column":16},"end":{"line":26,"column":1}},"5":{"start":{"line":14,"column":2},"end":{"line":14,"column":28}},"6":{"start":{"line":15,"column":2},"end":{"line":19,"column":3}},"7":{"start":{"line":16,"column":4},"end":{"line":16,"column":18}},"8":{"start":{"line":17,"column":4},"end":{"line":17,"column":60}},"9":{"start":{"line":18,"column":4},"end":{"line":18,"column":20}},"10":{"start":{"line":20,"column":25},"end":{"line":20,"column":91}},"11":{"start":{"line":20,"column":54},"end":{"line":20,"column":89}},"12":{"start":{"line":23,"column":2},"end":{"line":23,"column":64}},"13":{"start":{"line":25,"column":2},"end":{"line":25,"column":24}},"14":{"start":{"line":28,"column":21},"end":{"line":62,"column":1}},"15":{"start":{"line":29,"column":2},"end":{"line":38,"column":14}},"16":{"start":{"line":29,"column":85},"end":{"line":38,"column":3}},"17":{"start":{"line":40,"column":2},"end":{"line":61,"column":5}},"18":{"start":{"line":41,"column":4},"end":{"line":41,"column":91}},"19":{"start":{"line":42,"column":4},"end":{"line":42,"column":86}},"20":{"start":{"line":43,"column":4},"end":{"line":43,"column":86}},"21":{"start":{"line":44,"column":4},"end":{"line":49,"column":7}},"22":{"start":{"line":45,"column":6},"end":{"line":45,"column":25}},"23":{"start":{"line":46,"column":6},"end":{"line":46,"column":38}},"24":{"start":{"line":47,"column":6},"end":{"line":47,"column":62}},"25":{"start":{"line":51,"column":4},"end":{"line":55,"column":7}},"26":{"start":{"line":52,"column":6},"end":{"line":52,"column":25}},"27":{"start":{"line":53,"column":6},"end":{"line":53,"column":41}},"28":{"start":{"line":54,"column":6},"end":{"line":54,"column":62}},"29":{"start":{"line":57,"column":4},"end":{"line":60,"column":7}},"30":{"start":{"line":58,"column":6},"end":{"line":58,"column":79}},"31":{"start":{"line":59,"column":6},"end":{"line":59,"column":21}}},"fnMap":{"0":{"name":"(anonymous_0)","decl":{"start":{"line":5,"column":2},"end":{"line":5,"column":3}},"loc":{"start":{"line":5,"column":43},"end":{"line":9,"column":3}},"line":5},"1":{"name":"(anonymous_1)","decl":{"start":{"line":12,"column":16},"end":{"line":12,"column":17}},"loc":{"start":{"line":12,"column":27},"end":{"line":26,"column":1}},"line":12},"2":{"name":"(anonymous_2)","decl":{"start":{"line":20,"column":38},"end":{"line":20,"column":39}},"loc":{"start":{"line":20,"column":54},"end":{"line":20,"column":89}},"line":20},"3":{"name":"(anonymous_3)","decl":{"start":{"line":28,"column":21},"end":{"line":28,"column":22}},"loc":{"start":{"line":28,"column":32},"end":{"line":62,"column":1}},"line":28},"4":{"name":"(anonymous_4)","decl":{"start":{"line":29,"column":67},"end":{"line":29,"column":68}},"loc":{"start":{"line":29,"column":85},"end":{"line":38,"column":3}},"line":29},"5":{"name":"(anonymous_5)","decl":{"start":{"line":40,"column":16},"end":{"line":40,"column":17}},"loc":{"start":{"line":40,"column":34},"end":{"line":61,"column":3}},"line":40},"6":{"name":"(anonymous_6)","decl":{"start":{"line":44,"column":90},"end":{"line":44,"column":91}},"loc":{"start":{"line":44,"column":97},"end":{"line":49,"column":5}},"line":44},"7":{"name":"(anonymous_7)","decl":{"start":{"line":51,"column":94},"end":{"line":51,"column":95}},"loc":{"start":{"line":51,"column":101},"end":{"line":55,"column":5}},"line":51},"8":{"name":"(anonymous_8)","decl":{"start":{"line":57,"column":80},"end":{"line":57,"column":81}},"loc":{"start":{"line":57,"column":87},"end":{"line":60,"column":5}},"line":57}},"branchMap":{"0":{"loc":{"start":{"line":2,"column":15},"end":{"line":2,"column":62}},"type":"binary-expr","locations":[{"start":{"line":2,"column":15},"end":{"line":2,"column":56}},{"start":{"line":2,"column":60},"end":{"line":2,"column":62}}],"line":2},"1":{"loc":{"start":{"line":15,"column":2},"end":{"line":19,"column":3}},"type":"if","locations":[{"start":{"line":15,"column":2},"end":{"line":19,"column":3}},{"start":{},"end":{}}],"line":15},"2":{"loc":{"start":{"line":32,"column":110},"end":{"line":32,"column":147}},"type":"cond-expr","locations":[{"start":{"line":32,"column":128},"end":{"line":32,"column":142}},{"start":{"line":32,"column":145},"end":{"line":32,"column":147}}],"line":32}},"s":{"0":1,"1":1,"2":1,"3":1,"4":1,"5":0,"6":0,"7":0,"8":0,"9":0,"10":0,"11":0,"12":0,"13":0,"14":1,"15":0,"16":0,"17":0,"18":0,"19":0,"20":0,"21":0,"22":0,"23":0,"24":0,"25":0,"26":0,"27":0,"28":0,"29":0,"30":0,"31":0},"f":{"0":1,"1":0,"2":0,"3":0,"4":0,"5":0,"6":0,"7":0,"8":0},"b":{"0":[1,1],"1":[0,0],"2":[0,0]},"_coverageSchema":"1a1c01bbd47fc00a2c39e90264f33305004495a9","hash":"6025f4f67716744d0c85cee08ee303e61a396c02"}
}
